<?xml version="1.0" encoding="UTF-8"?>
<!-- Generated by org.testng.reporters.JUnitReportReporter -->
<testsuite hostname="Marcelas-MBP.fios-router.home" name="G3Lectures.Sel_39_TestNG" tests="2" failures="0" timestamp="2 Jul 2020 15:16:08 GMT" time="13.954" errors="0">
  <testcase name="getTitle" time="6.679" classname="G3Lectures.Sel_39_TestNG"/>
  <testcase name="invalidCredentials" time="7.275" classname="G3Lectures.Sel_39_TestNG"/>
</testsuite> <!-- G3Lectures.Sel_39_TestNG -->
