<?xml version="1.0" encoding="UTF-8"?>
<!-- Generated by org.testng.reporters.JUnitReportReporter -->
<testsuite hostname="Marcelas-MBP.fios-router.home" name="G3Lectures.Sel_51_TestNG_2" tests="1" failures="0" timestamp="3 Jul 2020 01:47:13 GMT" time="7.447" errors="0">
  <testcase name="invalidCredentials" time="7.447" classname="G3Lectures.Sel_51_TestNG_2"/>
</testsuite> <!-- G3Lectures.Sel_51_TestNG_2 -->
